{"C:\\Users\\duoyi\\Desktop\\express-auto-routes\\index.js":{"path":"C:\\Users\\duoyi\\Desktop\\express-auto-routes\\index.js","s":{"1":1,"2":1,"3":1,"4":1,"5":1,"6":1,"7":11,"8":11,"9":11,"10":23,"11":23,"12":3,"13":20,"14":20,"15":6,"16":0,"17":0,"18":6,"19":2,"20":4,"21":1,"22":1,"23":1,"24":2,"25":2,"26":6,"27":3,"28":1,"29":1,"30":2,"31":2,"32":6,"33":20,"34":20,"35":20,"36":20,"37":0,"38":0,"39":20,"40":1},"b":{"1":[3,20],"2":[20,17],"3":[17,14],"4":[6,14],"5":[0,6],"6":[2,4],"7":[1,1,1,1,2],"8":[1,1],"9":[2,2],"10":[3,0,0,1,2],"11":[20,3],"12":[20,20],"13":[0,20]},"f":{"1":1,"2":1,"3":11},"fnMap":{"1":{"name":"(anonymous_1)","line":7,"loc":{"start":{"line":7,"column":17},"end":{"line":7,"column":32}}},"2":{"name":"(anonymous_2)","line":10,"loc":{"start":{"line":10,"column":9},"end":{"line":10,"column":34}}},"3":{"name":"(anonymous_3)","line":15,"loc":{"start":{"line":15,"column":20},"end":{"line":15,"column":38}}}},"statementMap":{"1":{"start":{"line":1,"column":0},"end":{"line":5,"column":74}},"2":{"start":{"line":7,"column":0},"end":{"line":93,"column":2}},"3":{"start":{"line":8,"column":2},"end":{"line":8,"column":39}},"4":{"start":{"line":10,"column":2},"end":{"line":92,"column":4}},"5":{"start":{"line":13,"column":4},"end":{"line":13,"column":47}},"6":{"start":{"line":15,"column":4},"end":{"line":89,"column":7}},"7":{"start":{"line":16,"column":6},"end":{"line":18,"column":39}},"8":{"start":{"line":22,"column":6},"end":{"line":24,"column":43}},"9":{"start":{"line":26,"column":6},"end":{"line":88,"column":7}},"10":{"start":{"line":28,"column":8},"end":{"line":28,"column":43}},"11":{"start":{"line":29,"column":8},"end":{"line":29,"column":44}},"12":{"start":{"line":29,"column":35},"end":{"line":29,"column":44}},"13":{"start":{"line":31,"column":8},"end":{"line":34,"column":33}},"14":{"start":{"line":37,"column":8},"end":{"line":76,"column":9}},"15":{"start":{"line":38,"column":10},"end":{"line":41,"column":11}},"16":{"start":{"line":39,"column":12},"end":{"line":39,"column":77}},"17":{"start":{"line":40,"column":12},"end":{"line":40,"column":19}},"18":{"start":{"line":43,"column":10},"end":{"line":59,"column":11}},"19":{"start":{"line":44,"column":12},"end":{"line":44,"column":53}},"20":{"start":{"line":46,"column":12},"end":{"line":58,"column":13}},"21":{"start":{"line":49,"column":16},"end":{"line":49,"column":22}},"22":{"start":{"line":53,"column":16},"end":{"line":53,"column":43}},"23":{"start":{"line":54,"column":16},"end":{"line":54,"column":22}},"24":{"start":{"line":56,"column":16},"end":{"line":56,"column":79}},"25":{"start":{"line":57,"column":16},"end":{"line":57,"column":22}},"26":{"start":{"line":61,"column":10},"end":{"line":73,"column":11}},"27":{"start":{"line":64,"column":14},"end":{"line":64,"column":20}},"28":{"start":{"line":68,"column":14},"end":{"line":68,"column":34}},"29":{"start":{"line":69,"column":14},"end":{"line":69,"column":20}},"30":{"start":{"line":71,"column":14},"end":{"line":71,"column":48}},"31":{"start":{"line":72,"column":14},"end":{"line":72,"column":20}},"32":{"start":{"line":75,"column":10},"end":{"line":75,"column":36}},"33":{"start":{"line":78,"column":8},"end":{"line":78,"column":31}},"34":{"start":{"line":79,"column":8},"end":{"line":79,"column":48}},"35":{"start":{"line":80,"column":8},"end":{"line":80,"column":40}},"36":{"start":{"line":82,"column":8},"end":{"line":85,"column":9}},"37":{"start":{"line":83,"column":10},"end":{"line":83,"column":87}},"38":{"start":{"line":84,"column":10},"end":{"line":84,"column":17}},"39":{"start":{"line":87,"column":8},"end":{"line":87,"column":42}},"40":{"start":{"line":91,"column":4},"end":{"line":91,"column":26}}},"branchMap":{"1":{"line":29,"type":"if","locations":[{"start":{"line":29,"column":8},"end":{"line":29,"column":8}},{"start":{"line":29,"column":8},"end":{"line":29,"column":8}}]},"2":{"line":32,"type":"binary-expr","locations":[{"start":{"line":32,"column":22},"end":{"line":32,"column":29}},{"start":{"line":32,"column":34},"end":{"line":32,"column":58}}]},"3":{"line":32,"type":"binary-expr","locations":[{"start":{"line":32,"column":41},"end":{"line":32,"column":51}},{"start":{"line":32,"column":55},"end":{"line":32,"column":57}}]},"4":{"line":37,"type":"if","locations":[{"start":{"line":37,"column":8},"end":{"line":37,"column":8}},{"start":{"line":37,"column":8},"end":{"line":37,"column":8}}]},"5":{"line":38,"type":"if","locations":[{"start":{"line":38,"column":10},"end":{"line":38,"column":10}},{"start":{"line":38,"column":10},"end":{"line":38,"column":10}}]},"6":{"line":43,"type":"if","locations":[{"start":{"line":43,"column":10},"end":{"line":43,"column":10}},{"start":{"line":43,"column":10},"end":{"line":43,"column":10}}]},"7":{"line":46,"type":"switch","locations":[{"start":{"line":47,"column":14},"end":{"line":49,"column":22}},{"start":{"line":50,"column":14},"end":{"line":50,"column":22}},{"start":{"line":51,"column":14},"end":{"line":51,"column":24}},{"start":{"line":52,"column":14},"end":{"line":54,"column":22}},{"start":{"line":55,"column":14},"end":{"line":57,"column":22}}]},"8":{"line":53,"type":"binary-expr","locations":[{"start":{"line":53,"column":28},"end":{"line":53,"column":35}},{"start":{"line":53,"column":39},"end":{"line":53,"column":42}}]},"9":{"line":56,"type":"binary-expr","locations":[{"start":{"line":56,"column":29},"end":{"line":56,"column":36}},{"start":{"line":56,"column":40},"end":{"line":56,"column":43}}]},"10":{"line":61,"type":"switch","locations":[{"start":{"line":62,"column":12},"end":{"line":64,"column":20}},{"start":{"line":65,"column":12},"end":{"line":65,"column":20}},{"start":{"line":66,"column":12},"end":{"line":66,"column":22}},{"start":{"line":67,"column":12},"end":{"line":69,"column":20}},{"start":{"line":70,"column":12},"end":{"line":72,"column":20}}]},"11":{"line":79,"type":"binary-expr","locations":[{"start":{"line":79,"column":8},"end":{"line":79,"column":19}},{"start":{"line":79,"column":23},"end":{"line":79,"column":47}}]},"12":{"line":80,"type":"binary-expr","locations":[{"start":{"line":80,"column":8},"end":{"line":80,"column":15}},{"start":{"line":80,"column":19},"end":{"line":80,"column":39}}]},"13":{"line":82,"type":"if","locations":[{"start":{"line":82,"column":8},"end":{"line":82,"column":8}},{"start":{"line":82,"column":8},"end":{"line":82,"column":8}}]}}},"C:\\Users\\duoyi\\Desktop\\express-auto-routes\\lib\\getFileMapCol.js":{"path":"C:\\Users\\duoyi\\Desktop\\express-auto-routes\\lib\\getFileMapCol.js","s":{"1":1,"2":1,"3":1,"4":0,"5":1,"6":12,"7":1,"8":11,"9":11,"10":11,"11":5,"12":11,"13":11,"14":11,"15":1},"b":{"1":[0,1],"2":[5,6]},"f":{"1":1,"2":12,"3":11},"fnMap":{"1":{"name":"(anonymous_1)","line":13,"loc":{"start":{"line":13,"column":17},"end":{"line":13,"column":42}}},"2":{"name":"(anonymous_2)","line":20,"loc":{"start":{"line":20,"column":48},"end":{"line":20,"column":69}}},"3":{"name":"(anonymous_3)","line":24,"loc":{"start":{"line":24,"column":16},"end":{"line":24,"column":37}}}},"statementMap":{"1":{"start":{"line":1,"column":0},"end":{"line":6,"column":18}},"2":{"start":{"line":13,"column":0},"end":{"line":44,"column":2}},"3":{"start":{"line":15,"column":2},"end":{"line":17,"column":3}},"4":{"start":{"line":16,"column":4},"end":{"line":16,"column":63}},"5":{"start":{"line":20,"column":2},"end":{"line":22,"column":5}},"6":{"start":{"line":21,"column":4},"end":{"line":21,"column":37}},"7":{"start":{"line":24,"column":2},"end":{"line":41,"column":5}},"8":{"start":{"line":26,"column":4},"end":{"line":26,"column":58}},"9":{"start":{"line":28,"column":4},"end":{"line":31,"column":29}},"10":{"start":{"line":34,"column":4},"end":{"line":36,"column":5}},"11":{"start":{"line":35,"column":6},"end":{"line":35,"column":23}},"12":{"start":{"line":38,"column":4},"end":{"line":38,"column":36}},"13":{"start":{"line":39,"column":4},"end":{"line":39,"column":29}},"14":{"start":{"line":40,"column":4},"end":{"line":40,"column":17}},"15":{"start":{"line":43,"column":2},"end":{"line":43,"column":20}}},"branchMap":{"1":{"line":15,"type":"if","locations":[{"start":{"line":15,"column":2},"end":{"line":15,"column":2}},{"start":{"line":15,"column":2},"end":{"line":15,"column":2}}]},"2":{"line":34,"type":"if","locations":[{"start":{"line":34,"column":4},"end":{"line":34,"column":4}},{"start":{"line":34,"column":4},"end":{"line":34,"column":4}}]}}},"C:\\Users\\duoyi\\Desktop\\express-auto-routes\\lib\\utils\\traverseDir.js":{"path":"C:\\Users\\duoyi\\Desktop\\express-auto-routes\\lib\\utils\\traverseDir.js","s":{"1":1,"2":1,"3":17,"4":1,"5":1,"6":6,"7":19,"8":1,"9":1,"10":6,"11":6,"12":0,"13":6,"14":17,"15":17,"16":6,"17":1},"b":{"1":[0,6],"2":[5,12]},"f":{"1":17,"2":6,"3":19,"4":6,"5":17},"fnMap":{"1":{"name":"isDir","line":9,"loc":{"start":{"line":9,"column":0},"end":{"line":9,"column":29}}},"2":{"name":"getContentOfDir","line":20,"loc":{"start":{"line":20,"column":0},"end":{"line":20,"column":36}}},"3":{"name":"(anonymous_3)","line":21,"loc":{"start":{"line":21,"column":42},"end":{"line":21,"column":61}}},"4":{"name":"traverseDir","line":33,"loc":{"start":{"line":33,"column":0},"end":{"line":33,"column":30}}},"5":{"name":"(anonymous_5)","line":39,"loc":{"start":{"line":39,"column":19},"end":{"line":39,"column":34}}}},"statementMap":{"1":{"start":{"line":1,"column":0},"end":{"line":2,"column":25}},"2":{"start":{"line":9,"column":0},"end":{"line":11,"column":1}},"3":{"start":{"line":10,"column":2},"end":{"line":10,"column":49}},"4":{"start":{"line":18,"column":0},"end":{"line":18,"column":26}},"5":{"start":{"line":20,"column":0},"end":{"line":24,"column":1}},"6":{"start":{"line":21,"column":2},"end":{"line":23,"column":5}},"7":{"start":{"line":22,"column":4},"end":{"line":22,"column":37}},"8":{"start":{"line":31,"column":0},"end":{"line":31,"column":15}},"9":{"start":{"line":33,"column":0},"end":{"line":48,"column":1}},"10":{"start":{"line":35,"column":2},"end":{"line":35,"column":42}},"11":{"start":{"line":37,"column":2},"end":{"line":37,"column":31}},"12":{"start":{"line":37,"column":24},"end":{"line":37,"column":31}},"13":{"start":{"line":39,"column":2},"end":{"line":45,"column":5}},"14":{"start":{"line":40,"column":4},"end":{"line":40,"column":48}},"15":{"start":{"line":42,"column":4},"end":{"line":44,"column":31}},"16":{"start":{"line":47,"column":2},"end":{"line":47,"column":15}},"17":{"start":{"line":50,"column":0},"end":{"line":50,"column":29}}},"branchMap":{"1":{"line":37,"type":"if","locations":[{"start":{"line":37,"column":2},"end":{"line":37,"column":2}},{"start":{"line":37,"column":2},"end":{"line":37,"column":2}}]},"2":{"line":42,"type":"cond-expr","locations":[{"start":{"line":43,"column":6},"end":{"line":43,"column":31}},{"start":{"line":44,"column":6},"end":{"line":44,"column":30}}]}}},"C:\\Users\\duoyi\\Desktop\\express-auto-routes\\lib\\mountToApp.js":{"path":"C:\\Users\\duoyi\\Desktop\\express-auto-routes\\lib\\mountToApp.js","s":{"1":1,"2":1,"3":1,"4":1,"5":1,"6":1,"7":1,"8":20,"9":20,"10":20,"11":20,"12":20,"13":20,"14":3,"15":3,"16":1,"17":1,"18":16,"19":16,"20":1,"21":1,"22":20,"23":1,"24":1,"25":1,"26":1},"b":{"1":[20,0],"2":[3,1,16]},"f":{"1":1,"2":20,"3":20,"4":1,"5":20},"fnMap":{"1":{"name":"MountToApp","line":3,"loc":{"start":{"line":3,"column":0},"end":{"line":3,"column":25}}},"2":{"name":"(anonymous_2)","line":10,"loc":{"start":{"line":10,"column":29},"end":{"line":10,"column":55}}},"3":{"name":"(anonymous_3)","line":14,"loc":{"start":{"line":14,"column":24},"end":{"line":14,"column":36}}},"4":{"name":"(anonymous_4)","line":36,"loc":{"start":{"line":36,"column":32},"end":{"line":36,"column":44}}},"5":{"name":"(anonymous_5)","line":37,"loc":{"start":{"line":37,"column":14},"end":{"line":37,"column":29}}}},"statementMap":{"1":{"start":{"line":1,"column":0},"end":{"line":1,"column":65}},"2":{"start":{"line":3,"column":0},"end":{"line":8,"column":1}},"3":{"start":{"line":4,"column":2},"end":{"line":4,"column":17}},"4":{"start":{"line":5,"column":2},"end":{"line":5,"column":22}},"5":{"start":{"line":6,"column":2},"end":{"line":6,"column":22}},"6":{"start":{"line":7,"column":2},"end":{"line":7,"column":27}},"7":{"start":{"line":10,"column":0},"end":{"line":34,"column":2}},"8":{"start":{"line":11,"column":2},"end":{"line":12,"column":26}},"9":{"start":{"line":14,"column":2},"end":{"line":21,"column":15}},"10":{"start":{"line":15,"column":4},"end":{"line":15,"column":45}},"11":{"start":{"line":18,"column":4},"end":{"line":20,"column":5}},"12":{"start":{"line":19,"column":6},"end":{"line":19,"column":53}},"13":{"start":{"line":23,"column":2},"end":{"line":33,"column":3}},"14":{"start":{"line":25,"column":6},"end":{"line":25,"column":36}},"15":{"start":{"line":26,"column":6},"end":{"line":26,"column":12}},"16":{"start":{"line":28,"column":6},"end":{"line":28,"column":36}},"17":{"start":{"line":29,"column":6},"end":{"line":29,"column":12}},"18":{"start":{"line":31,"column":6},"end":{"line":31,"column":41}},"19":{"start":{"line":32,"column":6},"end":{"line":32,"column":12}},"20":{"start":{"line":36,"column":0},"end":{"line":49,"column":2}},"21":{"start":{"line":37,"column":2},"end":{"line":37,"column":61}},"22":{"start":{"line":37,"column":31},"end":{"line":37,"column":58}},"23":{"start":{"line":46,"column":2},"end":{"line":46,"column":53}},"24":{"start":{"line":47,"column":2},"end":{"line":47,"column":53}},"25":{"start":{"line":48,"column":2},"end":{"line":48,"column":66}},"26":{"start":{"line":51,"column":0},"end":{"line":51,"column":28}}},"branchMap":{"1":{"line":18,"type":"if","locations":[{"start":{"line":18,"column":4},"end":{"line":18,"column":4}},{"start":{"line":18,"column":4},"end":{"line":18,"column":4}}]},"2":{"line":23,"type":"switch","locations":[{"start":{"line":24,"column":4},"end":{"line":26,"column":12}},{"start":{"line":27,"column":4},"end":{"line":29,"column":12}},{"start":{"line":30,"column":4},"end":{"line":32,"column":12}}]}}},"C:\\Users\\duoyi\\Desktop\\express-auto-routes\\lib\\utils\\sortCollectionByKey.js":{"path":"C:\\Users\\duoyi\\Desktop\\express-auto-routes\\lib\\utils\\sortCollectionByKey.js","s":{"1":1,"2":94,"3":1,"4":3,"5":47,"6":3,"7":1,"8":3,"9":1},"b":{"1":[1,2]},"f":{"1":94,"2":3,"3":47},"fnMap":{"1":{"name":"getKeyLen","line":11,"loc":{"start":{"line":11,"column":0},"end":{"line":11,"column":24}}},"2":{"name":"sortCollectionByKey","line":27,"loc":{"start":{"line":27,"column":0},"end":{"line":27,"column":42}}},"3":{"name":"(anonymous_3)","line":28,"loc":{"start":{"line":28,"column":11},"end":{"line":28,"column":26}}}},"statementMap":{"1":{"start":{"line":11,"column":0},"end":{"line":13,"column":1}},"2":{"start":{"line":12,"column":2},"end":{"line":12,"column":36}},"3":{"start":{"line":27,"column":0},"end":{"line":35,"column":1}},"4":{"start":{"line":28,"column":2},"end":{"line":30,"column":5}},"5":{"start":{"line":29,"column":4},"end":{"line":29,"column":39}},"6":{"start":{"line":32,"column":2},"end":{"line":32,"column":28}},"7":{"start":{"line":32,"column":14},"end":{"line":32,"column":28}},"8":{"start":{"line":34,"column":2},"end":{"line":34,"column":13}},"9":{"start":{"line":37,"column":0},"end":{"line":37,"column":37}}},"branchMap":{"1":{"line":32,"type":"if","locations":[{"start":{"line":32,"column":2},"end":{"line":32,"column":2}},{"start":{"line":32,"column":2},"end":{"line":32,"column":2}}]}}},"C:\\Users\\duoyi\\Desktop\\express-auto-routes\\lib\\utils\\beginsWithSlash.js":{"path":"C:\\Users\\duoyi\\Desktop\\express-auto-routes\\lib\\utils\\beginsWithSlash.js","s":{"1":1,"2":1,"3":13,"4":10,"5":3,"6":0,"7":0,"8":3,"9":1},"b":{"1":[10,3],"2":[0,3]},"f":{"1":13},"fnMap":{"1":{"name":"beginsWithSlash","line":3,"loc":{"start":{"line":3,"column":0},"end":{"line":3,"column":30}}}},"statementMap":{"1":{"start":{"line":1,"column":0},"end":{"line":1,"column":31}},"2":{"start":{"line":3,"column":0},"end":{"line":10,"column":1}},"3":{"start":{"line":4,"column":2},"end":{"line":4,"column":23}},"4":{"start":{"line":4,"column":12},"end":{"line":4,"column":23}},"5":{"start":{"line":5,"column":2},"end":{"line":8,"column":3}},"6":{"start":{"line":6,"column":4},"end":{"line":6,"column":75}},"7":{"start":{"line":7,"column":4},"end":{"line":7,"column":20}},"8":{"start":{"line":9,"column":2},"end":{"line":9,"column":13}},"9":{"start":{"line":12,"column":0},"end":{"line":12,"column":33}}},"branchMap":{"1":{"line":4,"type":"if","locations":[{"start":{"line":4,"column":2},"end":{"line":4,"column":2}},{"start":{"line":4,"column":2},"end":{"line":4,"column":2}}]},"2":{"line":5,"type":"if","locations":[{"start":{"line":5,"column":2},"end":{"line":5,"column":2}},{"start":{"line":5,"column":2},"end":{"line":5,"column":2}}]}}},"C:\\Users\\duoyi\\Desktop\\express-auto-routes\\lib\\utils\\beginsWithColon.js":{"path":"C:\\Users\\duoyi\\Desktop\\express-auto-routes\\lib\\utils\\beginsWithColon.js","s":{"1":1,"2":1,"3":13,"4":10,"5":3,"6":0,"7":0,"8":3,"9":1},"b":{"1":[10,3],"2":[0,3]},"f":{"1":13},"fnMap":{"1":{"name":"beginsWithColon","line":3,"loc":{"start":{"line":3,"column":0},"end":{"line":3,"column":33}}}},"statementMap":{"1":{"start":{"line":1,"column":0},"end":{"line":1,"column":29}},"2":{"start":{"line":3,"column":0},"end":{"line":10,"column":1}},"3":{"start":{"line":4,"column":2},"end":{"line":4,"column":29}},"4":{"start":{"line":4,"column":15},"end":{"line":4,"column":29}},"5":{"start":{"line":5,"column":2},"end":{"line":8,"column":3}},"6":{"start":{"line":6,"column":4},"end":{"line":6,"column":81}},"7":{"start":{"line":7,"column":4},"end":{"line":7,"column":26}},"8":{"start":{"line":9,"column":2},"end":{"line":9,"column":16}},"9":{"start":{"line":12,"column":0},"end":{"line":12,"column":33}}},"branchMap":{"1":{"line":4,"type":"if","locations":[{"start":{"line":4,"column":2},"end":{"line":4,"column":2}},{"start":{"line":4,"column":2},"end":{"line":4,"column":2}}]},"2":{"line":5,"type":"if","locations":[{"start":{"line":5,"column":2},"end":{"line":5,"column":2}},{"start":{"line":5,"column":2},"end":{"line":5,"column":2}}]}}},"C:\\Users\\duoyi\\Desktop\\express-auto-routes\\example\\controllers\\home\\foo\\bar\\index.js":{"path":"C:\\Users\\duoyi\\Desktop\\express-auto-routes\\example\\controllers\\home\\foo\\bar\\index.js","s":{"1":1,"2":0},"b":{},"f":{"1":0},"fnMap":{"1":{"name":"(anonymous_1)","line":1,"loc":{"start":{"line":1,"column":14},"end":{"line":1,"column":40}}}},"statementMap":{"1":{"start":{"line":1,"column":0},"end":{"line":3,"column":2}},"2":{"start":{"line":2,"column":2},"end":{"line":2,"column":32}}},"branchMap":{}},"C:\\Users\\duoyi\\Desktop\\express-auto-routes\\example\\controllers\\home\\foo\\bar\\world.js":{"path":"C:\\Users\\duoyi\\Desktop\\express-auto-routes\\example\\controllers\\home\\foo\\bar\\world.js","s":{"1":1,"2":0},"b":{},"f":{"1":0},"fnMap":{"1":{"name":"(anonymous_1)","line":1,"loc":{"start":{"line":1,"column":14},"end":{"line":1,"column":40}}}},"statementMap":{"1":{"start":{"line":1,"column":0},"end":{"line":3,"column":2}},"2":{"start":{"line":2,"column":2},"end":{"line":2,"column":38}}},"branchMap":{}},"C:\\Users\\duoyi\\Desktop\\express-auto-routes\\example\\controllers\\home\\foo\\hello.js":{"path":"C:\\Users\\duoyi\\Desktop\\express-auto-routes\\example\\controllers\\home\\foo\\hello.js","s":{"1":1,"2":0},"b":{},"f":{"1":0},"fnMap":{"1":{"name":"(anonymous_1)","line":1,"loc":{"start":{"line":1,"column":14},"end":{"line":1,"column":40}}}},"statementMap":{"1":{"start":{"line":1,"column":0},"end":{"line":3,"column":2}},"2":{"start":{"line":2,"column":2},"end":{"line":2,"column":34}}},"branchMap":{}},"C:\\Users\\duoyi\\Desktop\\express-auto-routes\\example\\controllers\\home\\foo\\index.js":{"path":"C:\\Users\\duoyi\\Desktop\\express-auto-routes\\example\\controllers\\home\\foo\\index.js","s":{"1":1,"2":0},"b":{},"f":{"1":0},"fnMap":{"1":{"name":"(anonymous_1)","line":1,"loc":{"start":{"line":1,"column":14},"end":{"line":1,"column":40}}}},"statementMap":{"1":{"start":{"line":1,"column":0},"end":{"line":3,"column":2}},"2":{"start":{"line":2,"column":2},"end":{"line":2,"column":28}}},"branchMap":{}},"C:\\Users\\duoyi\\Desktop\\express-auto-routes\\example\\controllers\\home\\index.js":{"path":"C:\\Users\\duoyi\\Desktop\\express-auto-routes\\example\\controllers\\home\\index.js","s":{"1":1,"2":1,"3":1},"b":{},"f":{"1":1},"fnMap":{"1":{"name":"(anonymous_1)","line":3,"loc":{"start":{"line":3,"column":14},"end":{"line":3,"column":40}}}},"statementMap":{"1":{"start":{"line":1,"column":0},"end":{"line":1,"column":58}},"2":{"start":{"line":3,"column":0},"end":{"line":5,"column":2}},"3":{"start":{"line":4,"column":2},"end":{"line":4,"column":24}}},"branchMap":{}},"C:\\Users\\duoyi\\Desktop\\express-auto-routes\\example\\middlewares\\homeMiddleware.js":{"path":"C:\\Users\\duoyi\\Desktop\\express-auto-routes\\example\\middlewares\\homeMiddleware.js","s":{"1":1,"2":1,"3":1},"b":{},"f":{"1":1},"fnMap":{"1":{"name":"(anonymous_1)","line":1,"loc":{"start":{"line":1,"column":17},"end":{"line":1,"column":43}}}},"statementMap":{"1":{"start":{"line":1,"column":0},"end":{"line":4,"column":2}},"2":{"start":{"line":2,"column":2},"end":{"line":2,"column":36}},"3":{"start":{"line":3,"column":2},"end":{"line":3,"column":9}}},"branchMap":{}},"C:\\Users\\duoyi\\Desktop\\express-auto-routes\\example\\controllers\\home\\xyz\\index.js":{"path":"C:\\Users\\duoyi\\Desktop\\express-auto-routes\\example\\controllers\\home\\xyz\\index.js","s":{"1":1,"2":0},"b":{},"f":{"1":0},"fnMap":{"1":{"name":"(anonymous_1)","line":1,"loc":{"start":{"line":1,"column":14},"end":{"line":1,"column":40}}}},"statementMap":{"1":{"start":{"line":1,"column":0},"end":{"line":3,"column":2}},"2":{"start":{"line":2,"column":2},"end":{"line":2,"column":28}}},"branchMap":{}},"C:\\Users\\duoyi\\Desktop\\express-auto-routes\\example\\controllers\\index.js":{"path":"C:\\Users\\duoyi\\Desktop\\express-auto-routes\\example\\controllers\\index.js","s":{"1":1,"2":1},"b":{},"f":{"1":1},"fnMap":{"1":{"name":"(anonymous_1)","line":1,"loc":{"start":{"line":1,"column":14},"end":{"line":1,"column":40}}}},"statementMap":{"1":{"start":{"line":1,"column":0},"end":{"line":3,"column":2}},"2":{"start":{"line":2,"column":2},"end":{"line":2,"column":20}}},"branchMap":{}},"C:\\Users\\duoyi\\Desktop\\express-auto-routes\\example\\controllers\\user\\index.js":{"path":"C:\\Users\\duoyi\\Desktop\\express-auto-routes\\example\\controllers\\user\\index.js","s":{"1":1,"2":1,"3":0,"4":1,"5":0},"b":{},"f":{"1":0,"2":0},"fnMap":{"1":{"name":"(anonymous_1)","line":5,"loc":{"start":{"line":5,"column":11},"end":{"line":5,"column":37}}},"2":{"name":"(anonymous_2)","line":10,"loc":{"start":{"line":10,"column":14},"end":{"line":10,"column":40}}}},"statementMap":{"1":{"start":{"line":1,"column":0},"end":{"line":1,"column":58}},"2":{"start":{"line":3,"column":0},"end":{"line":8,"column":2}},"3":{"start":{"line":6,"column":4},"end":{"line":6,"column":26}},"4":{"start":{"line":10,"column":0},"end":{"line":12,"column":2}},"5":{"start":{"line":11,"column":2},"end":{"line":11,"column":24}}},"branchMap":{}},"C:\\Users\\duoyi\\Desktop\\express-auto-routes\\example\\middlewares\\userMiddleware.js":{"path":"C:\\Users\\duoyi\\Desktop\\express-auto-routes\\example\\middlewares\\userMiddleware.js","s":{"1":1,"2":0,"3":0},"b":{},"f":{"1":0},"fnMap":{"1":{"name":"(anonymous_1)","line":1,"loc":{"start":{"line":1,"column":17},"end":{"line":1,"column":43}}}},"statementMap":{"1":{"start":{"line":1,"column":0},"end":{"line":4,"column":2}},"2":{"start":{"line":2,"column":2},"end":{"line":2,"column":36}},"3":{"start":{"line":3,"column":2},"end":{"line":3,"column":9}}},"branchMap":{}},"C:\\Users\\duoyi\\Desktop\\express-auto-routes\\example\\controllers\\user\\login.js":{"path":"C:\\Users\\duoyi\\Desktop\\express-auto-routes\\example\\controllers\\user\\login.js","s":{"1":1,"2":1,"3":0,"4":1,"5":0,"6":1,"7":0},"b":{},"f":{"1":0,"2":0,"3":0},"fnMap":{"1":{"name":"(anonymous_1)","line":3,"loc":{"start":{"line":3,"column":14},"end":{"line":3,"column":26}}},"2":{"name":"(anonymous_2)","line":10,"loc":{"start":{"line":10,"column":11},"end":{"line":10,"column":37}}},"3":{"name":"(anonymous_3)","line":15,"loc":{"start":{"line":15,"column":15},"end":{"line":15,"column":41}}}},"statementMap":{"1":{"start":{"line":1,"column":0},"end":{"line":1,"column":23}},"2":{"start":{"line":3,"column":0},"end":{"line":5,"column":2}},"3":{"start":{"line":4,"column":2},"end":{"line":4,"column":25}},"4":{"start":{"line":8,"column":0},"end":{"line":13,"column":2}},"5":{"start":{"line":11,"column":4},"end":{"line":11,"column":46}},"6":{"start":{"line":15,"column":0},"end":{"line":17,"column":2}},"7":{"start":{"line":16,"column":2},"end":{"line":16,"column":26}}},"branchMap":{}},"C:\\Users\\duoyi\\Desktop\\express-auto-routes\\example\\controllers\\user\\logout.js":{"path":"C:\\Users\\duoyi\\Desktop\\express-auto-routes\\example\\controllers\\user\\logout.js","s":{"1":1,"2":0,"3":0,"4":1,"5":0,"6":1,"7":0},"b":{},"f":{"1":0,"2":0,"3":0},"fnMap":{"1":{"name":"(anonymous_1)","line":3,"loc":{"start":{"line":3,"column":11},"end":{"line":3,"column":37}}},"2":{"name":"(anonymous_2)","line":9,"loc":{"start":{"line":9,"column":14},"end":{"line":9,"column":40}}},"3":{"name":"(anonymous_3)","line":15,"loc":{"start":{"line":15,"column":11},"end":{"line":15,"column":37}}}},"statementMap":{"1":{"start":{"line":1,"column":0},"end":{"line":7,"column":2}},"2":{"start":{"line":4,"column":4},"end":{"line":4,"column":78}},"3":{"start":{"line":5,"column":4},"end":{"line":5,"column":11}},"4":{"start":{"line":9,"column":0},"end":{"line":11,"column":2}},"5":{"start":{"line":10,"column":2},"end":{"line":10,"column":31}},"6":{"start":{"line":13,"column":0},"end":{"line":18,"column":2}},"7":{"start":{"line":16,"column":4},"end":{"line":16,"column":54}}},"branchMap":{}},"C:\\Users\\duoyi\\Desktop\\express-auto-routes\\example\\middlewares\\authentication.js":{"path":"C:\\Users\\duoyi\\Desktop\\express-auto-routes\\example\\middlewares\\authentication.js","s":{"1":1,"2":0,"3":0},"b":{},"f":{"1":0},"fnMap":{"1":{"name":"(anonymous_1)","line":1,"loc":{"start":{"line":1,"column":17},"end":{"line":1,"column":43}}}},"statementMap":{"1":{"start":{"line":1,"column":0},"end":{"line":12,"column":2}},"2":{"start":{"line":10,"column":2},"end":{"line":10,"column":46}},"3":{"start":{"line":11,"column":2},"end":{"line":11,"column":9}}},"branchMap":{}},"C:\\Users\\duoyi\\Desktop\\express-auto-routes\\example\\controllers\\user\\setting.js":{"path":"C:\\Users\\duoyi\\Desktop\\express-auto-routes\\example\\controllers\\user\\setting.js","s":{"1":1,"2":1,"3":1,"4":1,"5":0,"6":0,"7":1,"8":0,"9":1,"10":0},"b":{},"f":{"1":0,"2":0,"3":0},"fnMap":{"1":{"name":"(anonymous_1)","line":10,"loc":{"start":{"line":10,"column":11},"end":{"line":10,"column":37}}},"2":{"name":"(anonymous_2)","line":16,"loc":{"start":{"line":16,"column":14},"end":{"line":16,"column":40}}},"3":{"name":"(anonymous_3)","line":24,"loc":{"start":{"line":24,"column":11},"end":{"line":24,"column":37}}}},"statementMap":{"1":{"start":{"line":1,"column":0},"end":{"line":2,"column":69}},"2":{"start":{"line":4,"column":0},"end":{"line":4,"column":40}},"3":{"start":{"line":5,"column":0},"end":{"line":5,"column":24}},"4":{"start":{"line":7,"column":0},"end":{"line":14,"column":2}},"5":{"start":{"line":11,"column":4},"end":{"line":11,"column":45}},"6":{"start":{"line":12,"column":4},"end":{"line":12,"column":11}},"7":{"start":{"line":16,"column":0},"end":{"line":18,"column":2}},"8":{"start":{"line":17,"column":2},"end":{"line":17,"column":32}},"9":{"start":{"line":20,"column":0},"end":{"line":27,"column":2}},"10":{"start":{"line":25,"column":4},"end":{"line":25,"column":35}}},"branchMap":{}},"C:\\Users\\duoyi\\Desktop\\express-auto-routes\\example\\middlewares\\settingMiddleware.js":{"path":"C:\\Users\\duoyi\\Desktop\\express-auto-routes\\example\\middlewares\\settingMiddleware.js","s":{"1":1,"2":0,"3":0},"b":{},"f":{"1":0},"fnMap":{"1":{"name":"(anonymous_1)","line":1,"loc":{"start":{"line":1,"column":17},"end":{"line":1,"column":43}}}},"statementMap":{"1":{"start":{"line":1,"column":0},"end":{"line":4,"column":2}},"2":{"start":{"line":2,"column":2},"end":{"line":2,"column":39}},"3":{"start":{"line":3,"column":2},"end":{"line":3,"column":9}}},"branchMap":{}}}