TN:
SF:C:\Users\duoyi\Desktop\express-auto-routes\index.js
FN:7,(anonymous_1)
FN:10,(anonymous_2)
FN:15,(anonymous_3)
FNF:3
FNH:3
FNDA:1,(anonymous_1)
FNDA:1,(anonymous_2)
FNDA:11,(anonymous_3)
DA:1,1
DA:7,1
DA:8,1
DA:10,1
DA:13,1
DA:15,1
DA:16,11
DA:22,11
DA:26,11
DA:28,23
DA:29,23
DA:31,20
DA:37,20
DA:38,6
DA:39,0
DA:40,0
DA:43,6
DA:44,2
DA:46,4
DA:49,1
DA:53,1
DA:54,1
DA:56,2
DA:57,2
DA:61,6
DA:64,3
DA:68,1
DA:69,1
DA:71,2
DA:72,2
DA:75,6
DA:78,20
DA:79,20
DA:80,20
DA:82,20
DA:83,0
DA:84,0
DA:87,20
DA:91,1
LF:39
LH:35
BRDA:29,1,0,3
BRDA:29,1,1,20
BRDA:32,2,0,20
BRDA:32,2,1,17
BRDA:32,3,0,17
BRDA:32,3,1,14
BRDA:37,4,0,6
BRDA:37,4,1,14
BRDA:38,5,0,0
BRDA:38,5,1,6
BRDA:43,6,0,2
BRDA:43,6,1,4
BRDA:46,7,0,1
BRDA:46,7,1,1
BRDA:46,7,2,1
BRDA:46,7,3,1
BRDA:46,7,4,2
BRDA:53,8,0,1
BRDA:53,8,1,1
BRDA:56,9,0,2
BRDA:56,9,1,2
BRDA:61,10,0,3
BRDA:61,10,1,0
BRDA:61,10,2,0
BRDA:61,10,3,1
BRDA:61,10,4,2
BRDA:79,11,0,20
BRDA:79,11,1,3
BRDA:80,12,0,20
BRDA:80,12,1,20
BRDA:82,13,0,0
BRDA:82,13,1,20
BRF:32
BRH:28
end_of_record
TN:
SF:C:\Users\duoyi\Desktop\express-auto-routes\lib\getFileMapCol.js
FN:13,(anonymous_1)
FN:20,(anonymous_2)
FN:24,(anonymous_3)
FNF:3
FNH:3
FNDA:1,(anonymous_1)
FNDA:12,(anonymous_2)
FNDA:11,(anonymous_3)
DA:1,1
DA:13,1
DA:15,1
DA:16,0
DA:20,1
DA:21,12
DA:24,1
DA:26,11
DA:28,11
DA:34,11
DA:35,5
DA:38,11
DA:39,11
DA:40,11
DA:43,1
LF:15
LH:14
BRDA:15,1,0,0
BRDA:15,1,1,1
BRDA:34,2,0,5
BRDA:34,2,1,6
BRF:4
BRH:3
end_of_record
TN:
SF:C:\Users\duoyi\Desktop\express-auto-routes\lib\utils\traverseDir.js
FN:9,isDir
FN:20,getContentOfDir
FN:21,(anonymous_3)
FN:33,traverseDir
FN:39,(anonymous_5)
FNF:5
FNH:5
FNDA:17,isDir
FNDA:6,getContentOfDir
FNDA:19,(anonymous_3)
FNDA:6,traverseDir
FNDA:17,(anonymous_5)
DA:1,1
DA:9,1
DA:10,17
DA:18,1
DA:20,1
DA:21,6
DA:22,19
DA:31,1
DA:33,1
DA:35,6
DA:37,6
DA:39,6
DA:40,17
DA:42,17
DA:47,6
DA:50,1
LF:16
LH:16
BRDA:37,1,0,0
BRDA:37,1,1,6
BRDA:42,2,0,5
BRDA:42,2,1,12
BRF:4
BRH:3
end_of_record
TN:
SF:C:\Users\duoyi\Desktop\express-auto-routes\lib\mountToApp.js
FN:3,MountToApp
FN:10,(anonymous_2)
FN:14,(anonymous_3)
FN:36,(anonymous_4)
FN:37,(anonymous_5)
FNF:5
FNH:5
FNDA:1,MountToApp
FNDA:20,(anonymous_2)
FNDA:20,(anonymous_3)
FNDA:1,(anonymous_4)
FNDA:20,(anonymous_5)
DA:1,1
DA:3,1
DA:4,1
DA:5,1
DA:6,1
DA:7,1
DA:10,1
DA:11,20
DA:14,20
DA:15,20
DA:18,20
DA:19,20
DA:23,20
DA:25,3
DA:26,3
DA:28,1
DA:29,1
DA:31,16
DA:32,16
DA:36,1
DA:37,20
DA:46,1
DA:47,1
DA:48,1
DA:51,1
LF:25
LH:25
BRDA:18,1,0,20
BRDA:18,1,1,0
BRDA:23,2,0,3
BRDA:23,2,1,1
BRDA:23,2,2,16
BRF:5
BRH:4
end_of_record
TN:
SF:C:\Users\duoyi\Desktop\express-auto-routes\lib\utils\sortCollectionByKey.js
FN:11,getKeyLen
FN:27,sortCollectionByKey
FN:28,(anonymous_3)
FNF:3
FNH:3
FNDA:94,getKeyLen
FNDA:3,sortCollectionByKey
FNDA:47,(anonymous_3)
DA:11,1
DA:12,94
DA:27,1
DA:28,3
DA:29,47
DA:32,3
DA:34,3
DA:37,1
LF:8
LH:8
BRDA:32,1,0,1
BRDA:32,1,1,2
BRF:2
BRH:2
end_of_record
TN:
SF:C:\Users\duoyi\Desktop\express-auto-routes\lib\utils\beginsWithSlash.js
FN:3,beginsWithSlash
FNF:1
FNH:1
FNDA:13,beginsWithSlash
DA:1,1
DA:3,1
DA:4,13
DA:5,3
DA:6,0
DA:7,0
DA:9,3
DA:12,1
LF:8
LH:6
BRDA:4,1,0,10
BRDA:4,1,1,3
BRDA:5,2,0,0
BRDA:5,2,1,3
BRF:4
BRH:3
end_of_record
TN:
SF:C:\Users\duoyi\Desktop\express-auto-routes\lib\utils\beginsWithColon.js
FN:3,beginsWithColon
FNF:1
FNH:1
FNDA:13,beginsWithColon
DA:1,1
DA:3,1
DA:4,13
DA:5,3
DA:6,0
DA:7,0
DA:9,3
DA:12,1
LF:8
LH:6
BRDA:4,1,0,10
BRDA:4,1,1,3
BRDA:5,2,0,0
BRDA:5,2,1,3
BRF:4
BRH:3
end_of_record
TN:
SF:C:\Users\duoyi\Desktop\express-auto-routes\example\controllers\home\foo\bar\index.js
FN:1,(anonymous_1)
FNF:1
FNH:0
FNDA:0,(anonymous_1)
DA:1,1
DA:2,0
LF:2
LH:1
BRF:0
BRH:0
end_of_record
TN:
SF:C:\Users\duoyi\Desktop\express-auto-routes\example\controllers\home\foo\bar\world.js
FN:1,(anonymous_1)
FNF:1
FNH:0
FNDA:0,(anonymous_1)
DA:1,1
DA:2,0
LF:2
LH:1
BRF:0
BRH:0
end_of_record
TN:
SF:C:\Users\duoyi\Desktop\express-auto-routes\example\controllers\home\foo\hello.js
FN:1,(anonymous_1)
FNF:1
FNH:0
FNDA:0,(anonymous_1)
DA:1,1
DA:2,0
LF:2
LH:1
BRF:0
BRH:0
end_of_record
TN:
SF:C:\Users\duoyi\Desktop\express-auto-routes\example\controllers\home\foo\index.js
FN:1,(anonymous_1)
FNF:1
FNH:0
FNDA:0,(anonymous_1)
DA:1,1
DA:2,0
LF:2
LH:1
BRF:0
BRH:0
end_of_record
TN:
SF:C:\Users\duoyi\Desktop\express-auto-routes\example\controllers\home\index.js
FN:3,(anonymous_1)
FNF:1
FNH:1
FNDA:1,(anonymous_1)
DA:1,1
DA:3,1
DA:4,1
LF:3
LH:3
BRF:0
BRH:0
end_of_record
TN:
SF:C:\Users\duoyi\Desktop\express-auto-routes\example\middlewares\homeMiddleware.js
FN:1,(anonymous_1)
FNF:1
FNH:1
FNDA:1,(anonymous_1)
DA:1,1
DA:2,1
DA:3,1
LF:3
LH:3
BRF:0
BRH:0
end_of_record
TN:
SF:C:\Users\duoyi\Desktop\express-auto-routes\example\controllers\home\xyz\index.js
FN:1,(anonymous_1)
FNF:1
FNH:0
FNDA:0,(anonymous_1)
DA:1,1
DA:2,0
LF:2
LH:1
BRF:0
BRH:0
end_of_record
TN:
SF:C:\Users\duoyi\Desktop\express-auto-routes\example\controllers\index.js
FN:1,(anonymous_1)
FNF:1
FNH:1
FNDA:1,(anonymous_1)
DA:1,1
DA:2,1
LF:2
LH:2
BRF:0
BRH:0
end_of_record
TN:
SF:C:\Users\duoyi\Desktop\express-auto-routes\example\controllers\user\index.js
FN:5,(anonymous_1)
FN:10,(anonymous_2)
FNF:2
FNH:0
FNDA:0,(anonymous_1)
FNDA:0,(anonymous_2)
DA:1,1
DA:3,1
DA:6,0
DA:10,1
DA:11,0
LF:5
LH:3
BRF:0
BRH:0
end_of_record
TN:
SF:C:\Users\duoyi\Desktop\express-auto-routes\example\middlewares\userMiddleware.js
FN:1,(anonymous_1)
FNF:1
FNH:0
FNDA:0,(anonymous_1)
DA:1,1
DA:2,0
DA:3,0
LF:3
LH:1
BRF:0
BRH:0
end_of_record
TN:
SF:C:\Users\duoyi\Desktop\express-auto-routes\example\controllers\user\login.js
FN:3,(anonymous_1)
FN:10,(anonymous_2)
FN:15,(anonymous_3)
FNF:3
FNH:0
FNDA:0,(anonymous_1)
FNDA:0,(anonymous_2)
FNDA:0,(anonymous_3)
DA:1,1
DA:3,1
DA:4,0
DA:8,1
DA:11,0
DA:15,1
DA:16,0
LF:7
LH:4
BRF:0
BRH:0
end_of_record
TN:
SF:C:\Users\duoyi\Desktop\express-auto-routes\example\controllers\user\logout.js
FN:3,(anonymous_1)
FN:9,(anonymous_2)
FN:15,(anonymous_3)
FNF:3
FNH:0
FNDA:0,(anonymous_1)
FNDA:0,(anonymous_2)
FNDA:0,(anonymous_3)
DA:1,1
DA:4,0
DA:5,0
DA:9,1
DA:10,0
DA:13,1
DA:16,0
LF:7
LH:3
BRF:0
BRH:0
end_of_record
TN:
SF:C:\Users\duoyi\Desktop\express-auto-routes\example\middlewares\authentication.js
FN:1,(anonymous_1)
FNF:1
FNH:0
FNDA:0,(anonymous_1)
DA:1,1
DA:10,0
DA:11,0
LF:3
LH:1
BRF:0
BRH:0
end_of_record
TN:
SF:C:\Users\duoyi\Desktop\express-auto-routes\example\controllers\user\setting.js
FN:10,(anonymous_1)
FN:16,(anonymous_2)
FN:24,(anonymous_3)
FNF:3
FNH:0
FNDA:0,(anonymous_1)
FNDA:0,(anonymous_2)
FNDA:0,(anonymous_3)
DA:1,1
DA:4,1
DA:5,1
DA:7,1
DA:11,0
DA:12,0
DA:16,1
DA:17,0
DA:20,1
DA:25,0
LF:10
LH:6
BRF:0
BRH:0
end_of_record
TN:
SF:C:\Users\duoyi\Desktop\express-auto-routes\example\middlewares\settingMiddleware.js
FN:1,(anonymous_1)
FNF:1
FNH:0
FNDA:0,(anonymous_1)
DA:1,1
DA:2,0
DA:3,0
LF:3
LH:1
BRF:0
BRH:0
end_of_record
